2022-04-19 12:08:06.940  INFO 9416 --- [main] m.s.SpringBootIntegrateRedisApplication  : Starting SpringBootIntegrateRedisApplication using Java 16.0.2 on mao with PID 9416 (H:\程序\大三下期\spring_boot整合redis\target\classes started by mao in H:\程序\大三下期\spring_boot整合redis)
2022-04-19 12:08:06.942 DEBUG 9416 --- [main] m.s.SpringBootIntegrateRedisApplication  : Running with Spring Boot v2.6.6, Spring v5.3.18
2022-04-19 12:08:06.943  INFO 9416 --- [main] m.s.SpringBootIntegrateRedisApplication  : The following 1 profile is active: "dev"
2022-04-19 12:08:07.317  INFO 9416 --- [main] .s.d.r.c.RepositoryConfigurationDelegate : Multiple Spring Data modules found, entering strict repository configuration mode!
2022-04-19 12:08:07.319  INFO 9416 --- [main] .s.d.r.c.RepositoryConfigurationDelegate : Bootstrapping Spring Data Redis repositories in DEFAULT mode.
2022-04-19 12:08:07.334  INFO 9416 --- [main] .s.d.r.c.RepositoryConfigurationDelegate : Finished Spring Data repository scanning in 4 ms. Found 0 Redis repository interfaces.
2022-04-19 12:08:07.630  INFO 9416 --- [main] o.s.b.w.embedded.tomcat.TomcatWebServer  : Tomcat initialized with port(s): 8080 (http)
2022-04-19 12:08:07.636  INFO 9416 --- [main] o.apache.catalina.core.StandardService   : Starting service [Tomcat]
2022-04-19 12:08:07.637  INFO 9416 --- [main] org.apache.catalina.core.StandardEngine  : Starting Servlet engine: [Apache Tomcat/9.0.60]
2022-04-19 12:08:07.715  INFO 9416 --- [main] o.a.c.c.C.[Tomcat].[localhost].[/]       : Initializing Spring embedded WebApplicationContext
2022-04-19 12:08:07.716  INFO 9416 --- [main] w.s.c.ServletWebServerApplicationContext : Root WebApplicationContext: initialization completed in 737 ms
2022-04-19 12:08:08.155  INFO 9416 --- [main] o.s.b.w.embedded.tomcat.TomcatWebServer  : Tomcat started on port(s): 8080 (http) with context path ''
2022-04-19 12:08:08.164  INFO 9416 --- [main] m.s.SpringBootIntegrateRedisApplication  : Started SpringBootIntegrateRedisApplication in 1.539 seconds (JVM running for 2.053)
2022-04-19 12:20:20.035  INFO 9152 --- [main] SpringBootIntegrateRedisApplicationTests : Starting SpringBootIntegrateRedisApplicationTests using Java 16.0.2 on mao with PID 9152 (started by mao in H:\程序\大三下期\spring_boot整合redis)
2022-04-19 12:20:20.036 DEBUG 9152 --- [main] SpringBootIntegrateRedisApplicationTests : Running with Spring Boot v2.6.6, Spring v5.3.18
2022-04-19 12:20:20.036  INFO 9152 --- [main] SpringBootIntegrateRedisApplicationTests : The following 1 profile is active: "dev"
2022-04-19 12:20:20.578  INFO 9152 --- [main] .s.d.r.c.RepositoryConfigurationDelegate : Multiple Spring Data modules found, entering strict repository configuration mode!
2022-04-19 12:20:20.580  INFO 9152 --- [main] .s.d.r.c.RepositoryConfigurationDelegate : Bootstrapping Spring Data Redis repositories in DEFAULT mode.
2022-04-19 12:20:20.598  INFO 9152 --- [main] .s.d.r.c.RepositoryConfigurationDelegate : Finished Spring Data repository scanning in 5 ms. Found 0 Redis repository interfaces.
2022-04-19 12:20:21.972  INFO 9152 --- [main] SpringBootIntegrateRedisApplicationTests : Started SpringBootIntegrateRedisApplicationTests in 2.34 seconds (JVM running for 3.275)
2022-04-19 12:20:37.508  INFO 12940 --- [main] SpringBootIntegrateRedisApplicationTests : Starting SpringBootIntegrateRedisApplicationTests using Java 16.0.2 on mao with PID 12940 (started by mao in H:\程序\大三下期\spring_boot整合redis)
2022-04-19 12:20:37.510 DEBUG 12940 --- [main] SpringBootIntegrateRedisApplicationTests : Running with Spring Boot v2.6.6, Spring v5.3.18
2022-04-19 12:20:37.510  INFO 12940 --- [main] SpringBootIntegrateRedisApplicationTests : The following 1 profile is active: "dev"
2022-04-19 12:20:38.061  INFO 12940 --- [main] .s.d.r.c.RepositoryConfigurationDelegate : Multiple Spring Data modules found, entering strict repository configuration mode!
2022-04-19 12:20:38.063  INFO 12940 --- [main] .s.d.r.c.RepositoryConfigurationDelegate : Bootstrapping Spring Data Redis repositories in DEFAULT mode.
2022-04-19 12:20:38.081  INFO 12940 --- [main] .s.d.r.c.RepositoryConfigurationDelegate : Finished Spring Data repository scanning in 5 ms. Found 0 Redis repository interfaces.
2022-04-19 12:20:39.512  INFO 12940 --- [main] SpringBootIntegrateRedisApplicationTests : Started SpringBootIntegrateRedisApplicationTests in 2.391 seconds (JVM running for 3.308)
2022-04-19 12:21:47.415  INFO 14964 --- [main] SpringBootIntegrateRedisApplicationTests : Starting SpringBootIntegrateRedisApplicationTests using Java 16.0.2 on mao with PID 14964 (started by mao in H:\程序\大三下期\spring_boot整合redis)
2022-04-19 12:21:47.416 DEBUG 14964 --- [main] SpringBootIntegrateRedisApplicationTests : Running with Spring Boot v2.6.6, Spring v5.3.18
2022-04-19 12:21:47.417  INFO 14964 --- [main] SpringBootIntegrateRedisApplicationTests : The following 1 profile is active: "dev"
2022-04-19 12:21:47.966  INFO 14964 --- [main] .s.d.r.c.RepositoryConfigurationDelegate : Multiple Spring Data modules found, entering strict repository configuration mode!
2022-04-19 12:21:47.968  INFO 14964 --- [main] .s.d.r.c.RepositoryConfigurationDelegate : Bootstrapping Spring Data Redis repositories in DEFAULT mode.
2022-04-19 12:21:47.985  INFO 14964 --- [main] .s.d.r.c.RepositoryConfigurationDelegate : Finished Spring Data repository scanning in 5 ms. Found 0 Redis repository interfaces.
2022-04-19 12:21:49.518  INFO 14964 --- [main] SpringBootIntegrateRedisApplicationTests : Started SpringBootIntegrateRedisApplicationTests in 2.491 seconds (JVM running for 3.395)
2022-04-19 12:22:26.002  INFO 14768 --- [main] SpringBootIntegrateRedisApplicationTests : Starting SpringBootIntegrateRedisApplicationTests using Java 16.0.2 on mao with PID 14768 (started by mao in H:\程序\大三下期\spring_boot整合redis)
2022-04-19 12:22:26.003 DEBUG 14768 --- [main] SpringBootIntegrateRedisApplicationTests : Running with Spring Boot v2.6.6, Spring v5.3.18
2022-04-19 12:22:26.003  INFO 14768 --- [main] SpringBootIntegrateRedisApplicationTests : The following 1 profile is active: "dev"
2022-04-19 12:22:26.565  INFO 14768 --- [main] .s.d.r.c.RepositoryConfigurationDelegate : Multiple Spring Data modules found, entering strict repository configuration mode!
2022-04-19 12:22:26.567  INFO 14768 --- [main] .s.d.r.c.RepositoryConfigurationDelegate : Bootstrapping Spring Data Redis repositories in DEFAULT mode.
2022-04-19 12:22:26.584  INFO 14768 --- [main] .s.d.r.c.RepositoryConfigurationDelegate : Finished Spring Data repository scanning in 5 ms. Found 0 Redis repository interfaces.
2022-04-19 12:22:28.038  INFO 14768 --- [main] SpringBootIntegrateRedisApplicationTests : Started SpringBootIntegrateRedisApplicationTests in 2.44 seconds (JVM running for 3.348)
2022-04-19 12:24:48.914  INFO 9416 --- [http-nio-8080-exec-1] o.a.c.c.C.[Tomcat].[localhost].[/]       : Initializing Spring DispatcherServlet 'dispatcherServlet'
2022-04-19 12:24:48.914  INFO 9416 --- [http-nio-8080-exec-1] o.s.web.servlet.DispatcherServlet        : Initializing Servlet 'dispatcherServlet'
2022-04-19 12:24:48.915  INFO 9416 --- [http-nio-8080-exec-1] o.s.web.servlet.DispatcherServlet        : Completed initialization in 1 ms
2022-04-19 12:28:53.375  INFO 15608 --- [main] m.s.RedisObjectJdkTest                   : Starting RedisObjectJdkTest using Java 16.0.2 on mao with PID 15608 (started by mao in H:\程序\大三下期\spring_boot整合redis)
2022-04-19 12:28:53.376 DEBUG 15608 --- [main] m.s.RedisObjectJdkTest                   : Running with Spring Boot v2.6.6, Spring v5.3.18
2022-04-19 12:28:53.376  INFO 15608 --- [main] m.s.RedisObjectJdkTest                   : The following 1 profile is active: "dev"
2022-04-19 12:28:53.930  INFO 15608 --- [main] .s.d.r.c.RepositoryConfigurationDelegate : Multiple Spring Data modules found, entering strict repository configuration mode!
2022-04-19 12:28:53.933  INFO 15608 --- [main] .s.d.r.c.RepositoryConfigurationDelegate : Bootstrapping Spring Data Redis repositories in DEFAULT mode.
2022-04-19 12:28:53.949  INFO 15608 --- [main] .s.d.r.c.RepositoryConfigurationDelegate : Finished Spring Data repository scanning in 5 ms. Found 0 Redis repository interfaces.
2022-04-19 12:28:55.396  INFO 15608 --- [main] m.s.RedisObjectJdkTest                   : Started RedisObjectJdkTest in 2.415 seconds (JVM running for 3.293)
2022-04-19 12:29:17.448  INFO 9452 --- [main] m.s.RedisObjectJdkTest                   : Starting RedisObjectJdkTest using Java 16.0.2 on mao with PID 9452 (started by mao in H:\程序\大三下期\spring_boot整合redis)
2022-04-19 12:29:17.449 DEBUG 9452 --- [main] m.s.RedisObjectJdkTest                   : Running with Spring Boot v2.6.6, Spring v5.3.18
2022-04-19 12:29:17.450  INFO 9452 --- [main] m.s.RedisObjectJdkTest                   : The following 1 profile is active: "dev"
2022-04-19 12:29:17.995  INFO 9452 --- [main] .s.d.r.c.RepositoryConfigurationDelegate : Multiple Spring Data modules found, entering strict repository configuration mode!
2022-04-19 12:29:17.997  INFO 9452 --- [main] .s.d.r.c.RepositoryConfigurationDelegate : Bootstrapping Spring Data Redis repositories in DEFAULT mode.
2022-04-19 12:29:18.016  INFO 9452 --- [main] .s.d.r.c.RepositoryConfigurationDelegate : Finished Spring Data repository scanning in 5 ms. Found 0 Redis repository interfaces.
2022-04-19 12:29:19.402  INFO 9452 --- [main] m.s.RedisObjectJdkTest                   : Started RedisObjectJdkTest in 2.361 seconds (JVM running for 3.264)
2022-04-19 12:29:52.252  INFO 16052 --- [main] m.s.RedisObjectJdkTest                   : Starting RedisObjectJdkTest using Java 16.0.2 on mao with PID 16052 (started by mao in H:\程序\大三下期\spring_boot整合redis)
2022-04-19 12:29:52.253 DEBUG 16052 --- [main] m.s.RedisObjectJdkTest                   : Running with Spring Boot v2.6.6, Spring v5.3.18
2022-04-19 12:29:52.253  INFO 16052 --- [main] m.s.RedisObjectJdkTest                   : The following 1 profile is active: "dev"
2022-04-19 12:29:52.801  INFO 16052 --- [main] .s.d.r.c.RepositoryConfigurationDelegate : Multiple Spring Data modules found, entering strict repository configuration mode!
2022-04-19 12:29:52.803  INFO 16052 --- [main] .s.d.r.c.RepositoryConfigurationDelegate : Bootstrapping Spring Data Redis repositories in DEFAULT mode.
2022-04-19 12:29:52.819  INFO 16052 --- [main] .s.d.r.c.RepositoryConfigurationDelegate : Finished Spring Data repository scanning in 5 ms. Found 0 Redis repository interfaces.
2022-04-19 12:29:54.220  INFO 16052 --- [main] m.s.RedisObjectJdkTest                   : Started RedisObjectJdkTest in 2.358 seconds (JVM running for 3.261)
2022-04-19 12:46:28.928  INFO 12644 --- [main] SpringBootIntegrateRedisApplicationTests : Starting SpringBootIntegrateRedisApplicationTests using Java 16.0.2 on mao with PID 12644 (started by mao in H:\程序\大三下期\spring_boot整合redis)
2022-04-19 12:46:28.930 DEBUG 12644 --- [main] SpringBootIntegrateRedisApplicationTests : Running with Spring Boot v2.6.6, Spring v5.3.18
2022-04-19 12:46:28.930  INFO 12644 --- [main] SpringBootIntegrateRedisApplicationTests : The following 1 profile is active: "dev"
2022-04-19 12:46:29.503  INFO 12644 --- [main] .s.d.r.c.RepositoryConfigurationDelegate : Multiple Spring Data modules found, entering strict repository configuration mode!
2022-04-19 12:46:29.506  INFO 12644 --- [main] .s.d.r.c.RepositoryConfigurationDelegate : Bootstrapping Spring Data Redis repositories in DEFAULT mode.
2022-04-19 12:46:29.523  INFO 12644 --- [main] .s.d.r.c.RepositoryConfigurationDelegate : Finished Spring Data repository scanning in 5 ms. Found 0 Redis repository interfaces.
2022-04-19 12:46:30.979  INFO 12644 --- [main] SpringBootIntegrateRedisApplicationTests : Started SpringBootIntegrateRedisApplicationTests in 2.451 seconds (JVM running for 3.351)
2022-04-19 12:48:35.760  INFO 11076 --- [main] m.s.RedisObjectJdkTest                   : Starting RedisObjectJdkTest using Java 16.0.2 on mao with PID 11076 (started by mao in H:\程序\大三下期\spring_boot整合redis)
2022-04-19 12:48:35.761 DEBUG 11076 --- [main] m.s.RedisObjectJdkTest                   : Running with Spring Boot v2.6.6, Spring v5.3.18
2022-04-19 12:48:35.762  INFO 11076 --- [main] m.s.RedisObjectJdkTest                   : The following 1 profile is active: "dev"
2022-04-19 12:48:36.338  INFO 11076 --- [main] .s.d.r.c.RepositoryConfigurationDelegate : Multiple Spring Data modules found, entering strict repository configuration mode!
2022-04-19 12:48:36.341  INFO 11076 --- [main] .s.d.r.c.RepositoryConfigurationDelegate : Bootstrapping Spring Data Redis repositories in DEFAULT mode.
2022-04-19 12:48:36.359  INFO 11076 --- [main] .s.d.r.c.RepositoryConfigurationDelegate : Finished Spring Data repository scanning in 6 ms. Found 0 Redis repository interfaces.
2022-04-19 12:48:37.772  INFO 11076 --- [main] m.s.RedisObjectJdkTest                   : Started RedisObjectJdkTest in 2.44 seconds (JVM running for 3.362)
2022-04-19 12:48:37.862 ERROR 11076 --- [main] o.s.test.context.TestContextManager      : Caught exception while allowing TestExecutionListener [org.springframework.boot.test.autoconfigure.SpringBootDependencyInjectionTestExecutionListener@3eb77ea8] to prepare test instance [mao.spring_boot_integrate_redis.RedisObjectJdkTest@478967eb]

org.springframework.beans.factory.UnsatisfiedDependencyException: Error creating bean with name 'mao.spring_boot_integrate_redis.RedisObjectJdkTest': Unsatisfied dependency expressed through field 'redisTemplate'; nested exception is org.springframework.beans.factory.NoSuchBeanDefinitionException: No qualifying bean of type 'org.springframework.data.redis.core.RedisTemplate<java.lang.Object, java.lang.Object>' available: expected at least 1 bean which qualifies as autowire candidate. Dependency annotations: {@org.springframework.beans.factory.annotation.Autowired(required=true)}
	at org.springframework.beans.factory.annotation.AutowiredAnnotationBeanPostProcessor$AutowiredFieldElement.resolveFieldValue(AutowiredAnnotationBeanPostProcessor.java:659) ~[spring-beans-5.3.18.jar:5.3.18]
	at org.springframework.beans.factory.annotation.AutowiredAnnotationBeanPostProcessor$AutowiredFieldElement.inject(AutowiredAnnotationBeanPostProcessor.java:639) ~[spring-beans-5.3.18.jar:5.3.18]
	at org.springframework.beans.factory.annotation.InjectionMetadata.inject(InjectionMetadata.java:119) ~[spring-beans-5.3.18.jar:5.3.18]
	at org.springframework.beans.factory.annotation.AutowiredAnnotationBeanPostProcessor.postProcessProperties(AutowiredAnnotationBeanPostProcessor.java:399) ~[spring-beans-5.3.18.jar:5.3.18]
	at org.springframework.beans.factory.support.AbstractAutowireCapableBeanFactory.populateBean(AbstractAutowireCapableBeanFactory.java:1431) ~[spring-beans-5.3.18.jar:5.3.18]
	at org.springframework.beans.factory.support.AbstractAutowireCapableBeanFactory.autowireBeanProperties(AbstractAutowireCapableBeanFactory.java:417) ~[spring-beans-5.3.18.jar:5.3.18]
	at org.springframework.test.context.support.DependencyInjectionTestExecutionListener.injectDependencies(DependencyInjectionTestExecutionListener.java:119) ~[spring-test-5.3.18.jar:5.3.18]
	at org.springframework.test.context.support.DependencyInjectionTestExecutionListener.prepareTestInstance(DependencyInjectionTestExecutionListener.java:83) ~[spring-test-5.3.18.jar:5.3.18]
	at org.springframework.boot.test.autoconfigure.SpringBootDependencyInjectionTestExecutionListener.prepareTestInstance(SpringBootDependencyInjectionTestExecutionListener.java:43) ~[spring-boot-test-autoconfigure-2.6.6.jar:2.6.6]
	at org.springframework.test.context.TestContextManager.prepareTestInstance(TestContextManager.java:248) ~[spring-test-5.3.18.jar:5.3.18]
	at org.springframework.test.context.junit.jupiter.SpringExtension.postProcessTestInstance(SpringExtension.java:138) ~[spring-test-5.3.18.jar:5.3.18]
	at org.junit.jupiter.engine.descriptor.ClassBasedTestDescriptor.lambda$invokeTestInstancePostProcessors$8(ClassBasedTestDescriptor.java:363) ~[junit-jupiter-engine-5.8.2.jar:5.8.2]
	at org.junit.jupiter.engine.descriptor.ClassBasedTestDescriptor.executeAndMaskThrowable(ClassBasedTestDescriptor.java:368) ~[junit-jupiter-engine-5.8.2.jar:5.8.2]
	at org.junit.jupiter.engine.descriptor.ClassBasedTestDescriptor.lambda$invokeTestInstancePostProcessors$9(ClassBasedTestDescriptor.java:363) ~[junit-jupiter-engine-5.8.2.jar:5.8.2]
	at java.base/java.util.stream.ReferencePipeline$3$1.accept(ReferencePipeline.java:197) ~[na:na]
	at java.base/java.util.stream.ReferencePipeline$2$1.accept(ReferencePipeline.java:179) ~[na:na]
	at java.base/java.util.ArrayList$ArrayListSpliterator.forEachRemaining(ArrayList.java:1625) ~[na:na]
	at java.base/java.util.stream.AbstractPipeline.copyInto(AbstractPipeline.java:484) ~[na:na]
	at java.base/java.util.stream.AbstractPipeline.wrapAndCopyInto(AbstractPipeline.java:474) ~[na:na]
	at java.base/java.util.stream.StreamSpliterators$WrappingSpliterator.forEachRemaining(StreamSpliterators.java:312) ~[na:na]
	at java.base/java.util.stream.Streams$ConcatSpliterator.forEachRemaining(Streams.java:735) ~[na:na]
	at java.base/java.util.stream.Streams$ConcatSpliterator.forEachRemaining(Streams.java:734) ~[na:na]
	at java.base/java.util.stream.ReferencePipeline$Head.forEach(ReferencePipeline.java:762) ~[na:na]
	at org.junit.jupiter.engine.descriptor.ClassBasedTestDescriptor.invokeTestInstancePostProcessors(ClassBasedTestDescriptor.java:362) ~[junit-jupiter-engine-5.8.2.jar:5.8.2]
	at org.junit.jupiter.engine.descriptor.ClassBasedTestDescriptor.lambda$instantiateAndPostProcessTestInstance$6(ClassBasedTestDescriptor.java:283) ~[junit-jupiter-engine-5.8.2.jar:5.8.2]
	at org.junit.platform.engine.support.hierarchical.ThrowableCollector.execute(ThrowableCollector.java:73) ~[junit-platform-engine-1.8.2.jar:1.8.2]
	at org.junit.jupiter.engine.descriptor.ClassBasedTestDescriptor.instantiateAndPostProcessTestInstance(ClassBasedTestDescriptor.java:282) ~[junit-jupiter-engine-5.8.2.jar:5.8.2]
	at org.junit.jupiter.engine.descriptor.ClassBasedTestDescriptor.lambda$testInstancesProvider$4(ClassBasedTestDescriptor.java:272) ~[junit-jupiter-engine-5.8.2.jar:5.8.2]
	at java.base/java.util.Optional.orElseGet(Optional.java:364) ~[na:na]
	at org.junit.jupiter.engine.descriptor.ClassBasedTestDescriptor.lambda$testInstancesProvider$5(ClassBasedTestDescriptor.java:271) ~[junit-jupiter-engine-5.8.2.jar:5.8.2]
	at org.junit.jupiter.engine.execution.TestInstancesProvider.getTestInstances(TestInstancesProvider.java:31) ~[junit-jupiter-engine-5.8.2.jar:5.8.2]
	at org.junit.jupiter.engine.descriptor.TestMethodTestDescriptor.lambda$prepare$0(TestMethodTestDescriptor.java:102) ~[junit-jupiter-engine-5.8.2.jar:5.8.2]
	at org.junit.platform.engine.support.hierarchical.ThrowableCollector.execute(ThrowableCollector.java:73) ~[junit-platform-engine-1.8.2.jar:1.8.2]
	at org.junit.jupiter.engine.descriptor.TestMethodTestDescriptor.prepare(TestMethodTestDescriptor.java:101) ~[junit-jupiter-engine-5.8.2.jar:5.8.2]
	at org.junit.jupiter.engine.descriptor.TestMethodTestDescriptor.prepare(TestMethodTestDescriptor.java:66) ~[junit-jupiter-engine-5.8.2.jar:5.8.2]
	at org.junit.platform.engine.support.hierarchical.NodeTestTask.lambda$prepare$2(NodeTestTask.java:123) ~[junit-platform-engine-1.8.2.jar:1.8.2]
	at org.junit.platform.engine.support.hierarchical.ThrowableCollector.execute(ThrowableCollector.java:73) ~[junit-platform-engine-1.8.2.jar:1.8.2]
	at org.junit.platform.engine.support.hierarchical.NodeTestTask.prepare(NodeTestTask.java:123) ~[junit-platform-engine-1.8.2.jar:1.8.2]
	at org.junit.platform.engine.support.hierarchical.NodeTestTask.execute(NodeTestTask.java:90) ~[junit-platform-engine-1.8.2.jar:1.8.2]
	at java.base/java.util.ArrayList.forEach(ArrayList.java:1511) ~[na:na]
	at org.junit.platform.engine.support.hierarchical.SameThreadHierarchicalTestExecutorService.invokeAll(SameThreadHierarchicalTestExecutorService.java:41) ~[junit-platform-engine-1.8.2.jar:1.8.2]
	at org.junit.platform.engine.support.hierarchical.NodeTestTask.lambda$executeRecursively$6(NodeTestTask.java:155) ~[junit-platform-engine-1.8.2.jar:1.8.2]
	at org.junit.platform.engine.support.hierarchical.ThrowableCollector.execute(ThrowableCollector.java:73) ~[junit-platform-engine-1.8.2.jar:1.8.2]
	at org.junit.platform.engine.support.hierarchical.NodeTestTask.lambda$executeRecursively$8(NodeTestTask.java:141) ~[junit-platform-engine-1.8.2.jar:1.8.2]
	at org.junit.platform.engine.support.hierarchical.Node.around(Node.java:137) ~[junit-platform-engine-1.8.2.jar:1.8.2]
	at org.junit.platform.engine.support.hierarchical.NodeTestTask.lambda$executeRecursively$9(NodeTestTask.java:139) ~[junit-platform-engine-1.8.2.jar:1.8.2]
	at org.junit.platform.engine.support.hierarchical.ThrowableCollector.execute(ThrowableCollector.java:73) ~[junit-platform-engine-1.8.2.jar:1.8.2]
	at org.junit.platform.engine.support.hierarchical.NodeTestTask.executeRecursively(NodeTestTask.java:138) ~[junit-platform-engine-1.8.2.jar:1.8.2]
	at org.junit.platform.engine.support.hierarchical.NodeTestTask.execute(NodeTestTask.java:95) ~[junit-platform-engine-1.8.2.jar:1.8.2]
	at java.base/java.util.ArrayList.forEach(ArrayList.java:1511) ~[na:na]
	at org.junit.platform.engine.support.hierarchical.SameThreadHierarchicalTestExecutorService.invokeAll(SameThreadHierarchicalTestExecutorService.java:41) ~[junit-platform-engine-1.8.2.jar:1.8.2]
	at org.junit.platform.engine.support.hierarchical.NodeTestTask.lambda$executeRecursively$6(NodeTestTask.java:155) ~[junit-platform-engine-1.8.2.jar:1.8.2]
	at org.junit.platform.engine.support.hierarchical.ThrowableCollector.execute(ThrowableCollector.java:73) ~[junit-platform-engine-1.8.2.jar:1.8.2]
	at org.junit.platform.engine.support.hierarchical.NodeTestTask.lambda$executeRecursively$8(NodeTestTask.java:141) ~[junit-platform-engine-1.8.2.jar:1.8.2]
	at org.junit.platform.engine.support.hierarchical.Node.around(Node.java:137) ~[junit-platform-engine-1.8.2.jar:1.8.2]
	at org.junit.platform.engine.support.hierarchical.NodeTestTask.lambda$executeRecursively$9(NodeTestTask.java:139) ~[junit-platform-engine-1.8.2.jar:1.8.2]
	at org.junit.platform.engine.support.hierarchical.ThrowableCollector.execute(ThrowableCollector.java:73) ~[junit-platform-engine-1.8.2.jar:1.8.2]
	at org.junit.platform.engine.support.hierarchical.NodeTestTask.executeRecursively(NodeTestTask.java:138) ~[junit-platform-engine-1.8.2.jar:1.8.2]
	at org.junit.platform.engine.support.hierarchical.NodeTestTask.execute(NodeTestTask.java:95) ~[junit-platform-engine-1.8.2.jar:1.8.2]
	at org.junit.platform.engine.support.hierarchical.SameThreadHierarchicalTestExecutorService.submit(SameThreadHierarchicalTestExecutorService.java:35) ~[junit-platform-engine-1.8.2.jar:1.8.2]
	at org.junit.platform.engine.support.hierarchical.HierarchicalTestExecutor.execute(HierarchicalTestExecutor.java:57) ~[junit-platform-engine-1.8.2.jar:1.8.2]
	at org.junit.platform.engine.support.hierarchical.HierarchicalTestEngine.execute(HierarchicalTestEngine.java:54) ~[junit-platform-engine-1.8.2.jar:1.8.2]
	at org.junit.platform.launcher.core.EngineExecutionOrchestrator.execute(EngineExecutionOrchestrator.java:107) ~[junit-platform-launcher-1.8.2.jar:1.8.2]
	at org.junit.platform.launcher.core.EngineExecutionOrchestrator.execute(EngineExecutionOrchestrator.java:88) ~[junit-platform-launcher-1.8.2.jar:1.8.2]
	at org.junit.platform.launcher.core.EngineExecutionOrchestrator.lambda$execute$0(EngineExecutionOrchestrator.java:54) ~[junit-platform-launcher-1.8.2.jar:1.8.2]
	at org.junit.platform.launcher.core.EngineExecutionOrchestrator.withInterceptedStreams(EngineExecutionOrchestrator.java:67) ~[junit-platform-launcher-1.8.2.jar:1.8.2]
	at org.junit.platform.launcher.core.EngineExecutionOrchestrator.execute(EngineExecutionOrchestrator.java:52) ~[junit-platform-launcher-1.8.2.jar:1.8.2]
	at org.junit.platform.launcher.core.DefaultLauncher.execute(DefaultLauncher.java:114) ~[junit-platform-launcher-1.8.2.jar:1.8.2]
	at org.junit.platform.launcher.core.DefaultLauncher.execute(DefaultLauncher.java:86) ~[junit-platform-launcher-1.8.2.jar:1.8.2]
	at org.junit.platform.launcher.core.DefaultLauncherSession$DelegatingLauncher.execute(DefaultLauncherSession.java:86) ~[junit-platform-launcher-1.8.2.jar:1.8.2]
	at org.junit.platform.launcher.core.SessionPerRequestLauncher.execute(SessionPerRequestLauncher.java:53) ~[junit-platform-launcher-1.8.2.jar:1.8.2]
	at com.intellij.junit5.JUnit5IdeaTestRunner.startRunnerWithArgs(JUnit5IdeaTestRunner.java:71) ~[junit5-rt.jar:na]
	at com.intellij.rt.junit.IdeaTestRunner$Repeater.startRunnerWithArgs(IdeaTestRunner.java:33) ~[junit-rt.jar:na]
	at com.intellij.rt.junit.JUnitStarter.prepareStreamsAndStart(JUnitStarter.java:235) ~[junit-rt.jar:na]
	at com.intellij.rt.junit.JUnitStarter.main(JUnitStarter.java:54) ~[junit-rt.jar:na]
Caused by: org.springframework.beans.factory.NoSuchBeanDefinitionException: No qualifying bean of type 'org.springframework.data.redis.core.RedisTemplate<java.lang.Object, java.lang.Object>' available: expected at least 1 bean which qualifies as autowire candidate. Dependency annotations: {@org.springframework.beans.factory.annotation.Autowired(required=true)}
	at org.springframework.beans.factory.support.DefaultListableBeanFactory.raiseNoMatchingBeanFound(DefaultListableBeanFactory.java:1799) ~[spring-beans-5.3.18.jar:5.3.18]
	at org.springframework.beans.factory.support.DefaultListableBeanFactory.doResolveDependency(DefaultListableBeanFactory.java:1355) ~[spring-beans-5.3.18.jar:5.3.18]
	at org.springframework.beans.factory.support.DefaultListableBeanFactory.resolveDependency(DefaultListableBeanFactory.java:1309) ~[spring-beans-5.3.18.jar:5.3.18]
	at org.springframework.beans.factory.annotation.AutowiredAnnotationBeanPostProcessor$AutowiredFieldElement.resolveFieldValue(AutowiredAnnotationBeanPostProcessor.java:656) ~[spring-beans-5.3.18.jar:5.3.18]
	... 74 common frames omitted

2022-04-19 12:49:00.767  INFO 13212 --- [main] m.s.RedisObjectJdkTest                   : Starting RedisObjectJdkTest using Java 16.0.2 on mao with PID 13212 (started by mao in H:\程序\大三下期\spring_boot整合redis)
2022-04-19 12:49:00.768 DEBUG 13212 --- [main] m.s.RedisObjectJdkTest                   : Running with Spring Boot v2.6.6, Spring v5.3.18
2022-04-19 12:49:00.769  INFO 13212 --- [main] m.s.RedisObjectJdkTest                   : The following 1 profile is active: "dev"
2022-04-19 12:49:01.343  INFO 13212 --- [main] .s.d.r.c.RepositoryConfigurationDelegate : Multiple Spring Data modules found, entering strict repository configuration mode!
2022-04-19 12:49:01.346  INFO 13212 --- [main] .s.d.r.c.RepositoryConfigurationDelegate : Bootstrapping Spring Data Redis repositories in DEFAULT mode.
2022-04-19 12:49:01.364  INFO 13212 --- [main] .s.d.r.c.RepositoryConfigurationDelegate : Finished Spring Data repository scanning in 6 ms. Found 0 Redis repository interfaces.
2022-04-19 12:49:02.806  INFO 13212 --- [main] m.s.RedisObjectJdkTest                   : Started RedisObjectJdkTest in 2.441 seconds (JVM running for 3.341)
2022-04-19 12:49:02.894 ERROR 13212 --- [main] o.s.test.context.TestContextManager      : Caught exception while allowing TestExecutionListener [org.springframework.boot.test.autoconfigure.SpringBootDependencyInjectionTestExecutionListener@3eb77ea8] to prepare test instance [mao.spring_boot_integrate_redis.RedisObjectJdkTest@52621501]

org.springframework.beans.factory.UnsatisfiedDependencyException: Error creating bean with name 'mao.spring_boot_integrate_redis.RedisObjectJdkTest': Unsatisfied dependency expressed through field 'redisTemplate'; nested exception is org.springframework.beans.factory.NoSuchBeanDefinitionException: No qualifying bean of type 'org.springframework.data.redis.core.RedisTemplate<java.lang.Object, java.lang.Object>' available: expected at least 1 bean which qualifies as autowire candidate. Dependency annotations: {@org.springframework.beans.factory.annotation.Autowired(required=true)}
	at org.springframework.beans.factory.annotation.AutowiredAnnotationBeanPostProcessor$AutowiredFieldElement.resolveFieldValue(AutowiredAnnotationBeanPostProcessor.java:659) ~[spring-beans-5.3.18.jar:5.3.18]
	at org.springframework.beans.factory.annotation.AutowiredAnnotationBeanPostProcessor$AutowiredFieldElement.inject(AutowiredAnnotationBeanPostProcessor.java:639) ~[spring-beans-5.3.18.jar:5.3.18]
	at org.springframework.beans.factory.annotation.InjectionMetadata.inject(InjectionMetadata.java:119) ~[spring-beans-5.3.18.jar:5.3.18]
	at org.springframework.beans.factory.annotation.AutowiredAnnotationBeanPostProcessor.postProcessProperties(AutowiredAnnotationBeanPostProcessor.java:399) ~[spring-beans-5.3.18.jar:5.3.18]
	at org.springframework.beans.factory.support.AbstractAutowireCapableBeanFactory.populateBean(AbstractAutowireCapableBeanFactory.java:1431) ~[spring-beans-5.3.18.jar:5.3.18]
	at org.springframework.beans.factory.support.AbstractAutowireCapableBeanFactory.autowireBeanProperties(AbstractAutowireCapableBeanFactory.java:417) ~[spring-beans-5.3.18.jar:5.3.18]
	at org.springframework.test.context.support.DependencyInjectionTestExecutionListener.injectDependencies(DependencyInjectionTestExecutionListener.java:119) ~[spring-test-5.3.18.jar:5.3.18]
	at org.springframework.test.context.support.DependencyInjectionTestExecutionListener.prepareTestInstance(DependencyInjectionTestExecutionListener.java:83) ~[spring-test-5.3.18.jar:5.3.18]
	at org.springframework.boot.test.autoconfigure.SpringBootDependencyInjectionTestExecutionListener.prepareTestInstance(SpringBootDependencyInjectionTestExecutionListener.java:43) ~[spring-boot-test-autoconfigure-2.6.6.jar:2.6.6]
	at org.springframework.test.context.TestContextManager.prepareTestInstance(TestContextManager.java:248) ~[spring-test-5.3.18.jar:5.3.18]
	at org.springframework.test.context.junit.jupiter.SpringExtension.postProcessTestInstance(SpringExtension.java:138) ~[spring-test-5.3.18.jar:5.3.18]
	at org.junit.jupiter.engine.descriptor.ClassBasedTestDescriptor.lambda$invokeTestInstancePostProcessors$8(ClassBasedTestDescriptor.java:363) ~[junit-jupiter-engine-5.8.2.jar:5.8.2]
	at org.junit.jupiter.engine.descriptor.ClassBasedTestDescriptor.executeAndMaskThrowable(ClassBasedTestDescriptor.java:368) ~[junit-jupiter-engine-5.8.2.jar:5.8.2]
	at org.junit.jupiter.engine.descriptor.ClassBasedTestDescriptor.lambda$invokeTestInstancePostProcessors$9(ClassBasedTestDescriptor.java:363) ~[junit-jupiter-engine-5.8.2.jar:5.8.2]
	at java.base/java.util.stream.ReferencePipeline$3$1.accept(ReferencePipeline.java:197) ~[na:na]
	at java.base/java.util.stream.ReferencePipeline$2$1.accept(ReferencePipeline.java:179) ~[na:na]
	at java.base/java.util.ArrayList$ArrayListSpliterator.forEachRemaining(ArrayList.java:1625) ~[na:na]
	at java.base/java.util.stream.AbstractPipeline.copyInto(AbstractPipeline.java:484) ~[na:na]
	at java.base/java.util.stream.AbstractPipeline.wrapAndCopyInto(AbstractPipeline.java:474) ~[na:na]
	at java.base/java.util.stream.StreamSpliterators$WrappingSpliterator.forEachRemaining(StreamSpliterators.java:312) ~[na:na]
	at java.base/java.util.stream.Streams$ConcatSpliterator.forEachRemaining(Streams.java:735) ~[na:na]
	at java.base/java.util.stream.Streams$ConcatSpliterator.forEachRemaining(Streams.java:734) ~[na:na]
	at java.base/java.util.stream.ReferencePipeline$Head.forEach(ReferencePipeline.java:762) ~[na:na]
	at org.junit.jupiter.engine.descriptor.ClassBasedTestDescriptor.invokeTestInstancePostProcessors(ClassBasedTestDescriptor.java:362) ~[junit-jupiter-engine-5.8.2.jar:5.8.2]
	at org.junit.jupiter.engine.descriptor.ClassBasedTestDescriptor.lambda$instantiateAndPostProcessTestInstance$6(ClassBasedTestDescriptor.java:283) ~[junit-jupiter-engine-5.8.2.jar:5.8.2]
	at org.junit.platform.engine.support.hierarchical.ThrowableCollector.execute(ThrowableCollector.java:73) ~[junit-platform-engine-1.8.2.jar:1.8.2]
	at org.junit.jupiter.engine.descriptor.ClassBasedTestDescriptor.instantiateAndPostProcessTestInstance(ClassBasedTestDescriptor.java:282) ~[junit-jupiter-engine-5.8.2.jar:5.8.2]
	at org.junit.jupiter.engine.descriptor.ClassBasedTestDescriptor.lambda$testInstancesProvider$4(ClassBasedTestDescriptor.java:272) ~[junit-jupiter-engine-5.8.2.jar:5.8.2]
	at java.base/java.util.Optional.orElseGet(Optional.java:364) ~[na:na]
	at org.junit.jupiter.engine.descriptor.ClassBasedTestDescriptor.lambda$testInstancesProvider$5(ClassBasedTestDescriptor.java:271) ~[junit-jupiter-engine-5.8.2.jar:5.8.2]
	at org.junit.jupiter.engine.execution.TestInstancesProvider.getTestInstances(TestInstancesProvider.java:31) ~[junit-jupiter-engine-5.8.2.jar:5.8.2]
	at org.junit.jupiter.engine.descriptor.TestMethodTestDescriptor.lambda$prepare$0(TestMethodTestDescriptor.java:102) ~[junit-jupiter-engine-5.8.2.jar:5.8.2]
	at org.junit.platform.engine.support.hierarchical.ThrowableCollector.execute(ThrowableCollector.java:73) ~[junit-platform-engine-1.8.2.jar:1.8.2]
	at org.junit.jupiter.engine.descriptor.TestMethodTestDescriptor.prepare(TestMethodTestDescriptor.java:101) ~[junit-jupiter-engine-5.8.2.jar:5.8.2]
	at org.junit.jupiter.engine.descriptor.TestMethodTestDescriptor.prepare(TestMethodTestDescriptor.java:66) ~[junit-jupiter-engine-5.8.2.jar:5.8.2]
	at org.junit.platform.engine.support.hierarchical.NodeTestTask.lambda$prepare$2(NodeTestTask.java:123) ~[junit-platform-engine-1.8.2.jar:1.8.2]
	at org.junit.platform.engine.support.hierarchical.ThrowableCollector.execute(ThrowableCollector.java:73) ~[junit-platform-engine-1.8.2.jar:1.8.2]
	at org.junit.platform.engine.support.hierarchical.NodeTestTask.prepare(NodeTestTask.java:123) ~[junit-platform-engine-1.8.2.jar:1.8.2]
	at org.junit.platform.engine.support.hierarchical.NodeTestTask.execute(NodeTestTask.java:90) ~[junit-platform-engine-1.8.2.jar:1.8.2]
	at java.base/java.util.ArrayList.forEach(ArrayList.java:1511) ~[na:na]
	at org.junit.platform.engine.support.hierarchical.SameThreadHierarchicalTestExecutorService.invokeAll(SameThreadHierarchicalTestExecutorService.java:41) ~[junit-platform-engine-1.8.2.jar:1.8.2]
	at org.junit.platform.engine.support.hierarchical.NodeTestTask.lambda$executeRecursively$6(NodeTestTask.java:155) ~[junit-platform-engine-1.8.2.jar:1.8.2]
	at org.junit.platform.engine.support.hierarchical.ThrowableCollector.execute(ThrowableCollector.java:73) ~[junit-platform-engine-1.8.2.jar:1.8.2]
	at org.junit.platform.engine.support.hierarchical.NodeTestTask.lambda$executeRecursively$8(NodeTestTask.java:141) ~[junit-platform-engine-1.8.2.jar:1.8.2]
	at org.junit.platform.engine.support.hierarchical.Node.around(Node.java:137) ~[junit-platform-engine-1.8.2.jar:1.8.2]
	at org.junit.platform.engine.support.hierarchical.NodeTestTask.lambda$executeRecursively$9(NodeTestTask.java:139) ~[junit-platform-engine-1.8.2.jar:1.8.2]
	at org.junit.platform.engine.support.hierarchical.ThrowableCollector.execute(ThrowableCollector.java:73) ~[junit-platform-engine-1.8.2.jar:1.8.2]
	at org.junit.platform.engine.support.hierarchical.NodeTestTask.executeRecursively(NodeTestTask.java:138) ~[junit-platform-engine-1.8.2.jar:1.8.2]
	at org.junit.platform.engine.support.hierarchical.NodeTestTask.execute(NodeTestTask.java:95) ~[junit-platform-engine-1.8.2.jar:1.8.2]
	at java.base/java.util.ArrayList.forEach(ArrayList.java:1511) ~[na:na]
	at org.junit.platform.engine.support.hierarchical.SameThreadHierarchicalTestExecutorService.invokeAll(SameThreadHierarchicalTestExecutorService.java:41) ~[junit-platform-engine-1.8.2.jar:1.8.2]
	at org.junit.platform.engine.support.hierarchical.NodeTestTask.lambda$executeRecursively$6(NodeTestTask.java:155) ~[junit-platform-engine-1.8.2.jar:1.8.2]
	at org.junit.platform.engine.support.hierarchical.ThrowableCollector.execute(ThrowableCollector.java:73) ~[junit-platform-engine-1.8.2.jar:1.8.2]
	at org.junit.platform.engine.support.hierarchical.NodeTestTask.lambda$executeRecursively$8(NodeTestTask.java:141) ~[junit-platform-engine-1.8.2.jar:1.8.2]
	at org.junit.platform.engine.support.hierarchical.Node.around(Node.java:137) ~[junit-platform-engine-1.8.2.jar:1.8.2]
	at org.junit.platform.engine.support.hierarchical.NodeTestTask.lambda$executeRecursively$9(NodeTestTask.java:139) ~[junit-platform-engine-1.8.2.jar:1.8.2]
	at org.junit.platform.engine.support.hierarchical.ThrowableCollector.execute(ThrowableCollector.java:73) ~[junit-platform-engine-1.8.2.jar:1.8.2]
	at org.junit.platform.engine.support.hierarchical.NodeTestTask.executeRecursively(NodeTestTask.java:138) ~[junit-platform-engine-1.8.2.jar:1.8.2]
	at org.junit.platform.engine.support.hierarchical.NodeTestTask.execute(NodeTestTask.java:95) ~[junit-platform-engine-1.8.2.jar:1.8.2]
	at org.junit.platform.engine.support.hierarchical.SameThreadHierarchicalTestExecutorService.submit(SameThreadHierarchicalTestExecutorService.java:35) ~[junit-platform-engine-1.8.2.jar:1.8.2]
	at org.junit.platform.engine.support.hierarchical.HierarchicalTestExecutor.execute(HierarchicalTestExecutor.java:57) ~[junit-platform-engine-1.8.2.jar:1.8.2]
	at org.junit.platform.engine.support.hierarchical.HierarchicalTestEngine.execute(HierarchicalTestEngine.java:54) ~[junit-platform-engine-1.8.2.jar:1.8.2]
	at org.junit.platform.launcher.core.EngineExecutionOrchestrator.execute(EngineExecutionOrchestrator.java:107) ~[junit-platform-launcher-1.8.2.jar:1.8.2]
	at org.junit.platform.launcher.core.EngineExecutionOrchestrator.execute(EngineExecutionOrchestrator.java:88) ~[junit-platform-launcher-1.8.2.jar:1.8.2]
	at org.junit.platform.launcher.core.EngineExecutionOrchestrator.lambda$execute$0(EngineExecutionOrchestrator.java:54) ~[junit-platform-launcher-1.8.2.jar:1.8.2]
	at org.junit.platform.launcher.core.EngineExecutionOrchestrator.withInterceptedStreams(EngineExecutionOrchestrator.java:67) ~[junit-platform-launcher-1.8.2.jar:1.8.2]
	at org.junit.platform.launcher.core.EngineExecutionOrchestrator.execute(EngineExecutionOrchestrator.java:52) ~[junit-platform-launcher-1.8.2.jar:1.8.2]
	at org.junit.platform.launcher.core.DefaultLauncher.execute(DefaultLauncher.java:114) ~[junit-platform-launcher-1.8.2.jar:1.8.2]
	at org.junit.platform.launcher.core.DefaultLauncher.execute(DefaultLauncher.java:86) ~[junit-platform-launcher-1.8.2.jar:1.8.2]
	at org.junit.platform.launcher.core.DefaultLauncherSession$DelegatingLauncher.execute(DefaultLauncherSession.java:86) ~[junit-platform-launcher-1.8.2.jar:1.8.2]
	at org.junit.platform.launcher.core.SessionPerRequestLauncher.execute(SessionPerRequestLauncher.java:53) ~[junit-platform-launcher-1.8.2.jar:1.8.2]
	at com.intellij.junit5.JUnit5IdeaTestRunner.startRunnerWithArgs(JUnit5IdeaTestRunner.java:71) ~[junit5-rt.jar:na]
	at com.intellij.rt.junit.IdeaTestRunner$Repeater.startRunnerWithArgs(IdeaTestRunner.java:33) ~[junit-rt.jar:na]
	at com.intellij.rt.junit.JUnitStarter.prepareStreamsAndStart(JUnitStarter.java:235) ~[junit-rt.jar:na]
	at com.intellij.rt.junit.JUnitStarter.main(JUnitStarter.java:54) ~[junit-rt.jar:na]
Caused by: org.springframework.beans.factory.NoSuchBeanDefinitionException: No qualifying bean of type 'org.springframework.data.redis.core.RedisTemplate<java.lang.Object, java.lang.Object>' available: expected at least 1 bean which qualifies as autowire candidate. Dependency annotations: {@org.springframework.beans.factory.annotation.Autowired(required=true)}
	at org.springframework.beans.factory.support.DefaultListableBeanFactory.raiseNoMatchingBeanFound(DefaultListableBeanFactory.java:1799) ~[spring-beans-5.3.18.jar:5.3.18]
	at org.springframework.beans.factory.support.DefaultListableBeanFactory.doResolveDependency(DefaultListableBeanFactory.java:1355) ~[spring-beans-5.3.18.jar:5.3.18]
	at org.springframework.beans.factory.support.DefaultListableBeanFactory.resolveDependency(DefaultListableBeanFactory.java:1309) ~[spring-beans-5.3.18.jar:5.3.18]
	at org.springframework.beans.factory.annotation.AutowiredAnnotationBeanPostProcessor$AutowiredFieldElement.resolveFieldValue(AutowiredAnnotationBeanPostProcessor.java:656) ~[spring-beans-5.3.18.jar:5.3.18]
	... 74 common frames omitted

2022-04-19 12:49:40.543  INFO 14272 --- [main] m.s.RedisObjectConfigTest                : Starting RedisObjectConfigTest using Java 16.0.2 on mao with PID 14272 (started by mao in H:\程序\大三下期\spring_boot整合redis)
2022-04-19 12:49:40.544 DEBUG 14272 --- [main] m.s.RedisObjectConfigTest                : Running with Spring Boot v2.6.6, Spring v5.3.18
2022-04-19 12:49:40.545  INFO 14272 --- [main] m.s.RedisObjectConfigTest                : The following 1 profile is active: "dev"
2022-04-19 12:49:41.129  INFO 14272 --- [main] .s.d.r.c.RepositoryConfigurationDelegate : Multiple Spring Data modules found, entering strict repository configuration mode!
2022-04-19 12:49:41.132  INFO 14272 --- [main] .s.d.r.c.RepositoryConfigurationDelegate : Bootstrapping Spring Data Redis repositories in DEFAULT mode.
2022-04-19 12:49:41.148  INFO 14272 --- [main] .s.d.r.c.RepositoryConfigurationDelegate : Finished Spring Data repository scanning in 5 ms. Found 0 Redis repository interfaces.
2022-04-19 12:49:42.557  INFO 14272 --- [main] m.s.RedisObjectConfigTest                : Started RedisObjectConfigTest in 2.408 seconds (JVM running for 3.329)
2022-04-19 12:51:39.034  INFO 11204 --- [main] m.s.RedisObjectConfigTest                : Starting RedisObjectConfigTest using Java 16.0.2 on mao with PID 11204 (started by mao in H:\程序\大三下期\spring_boot整合redis)
2022-04-19 12:51:39.035 DEBUG 11204 --- [main] m.s.RedisObjectConfigTest                : Running with Spring Boot v2.6.6, Spring v5.3.18
2022-04-19 12:51:39.036  INFO 11204 --- [main] m.s.RedisObjectConfigTest                : The following 1 profile is active: "dev"
2022-04-19 12:51:39.585  INFO 11204 --- [main] .s.d.r.c.RepositoryConfigurationDelegate : Multiple Spring Data modules found, entering strict repository configuration mode!
2022-04-19 12:51:39.588  INFO 11204 --- [main] .s.d.r.c.RepositoryConfigurationDelegate : Bootstrapping Spring Data Redis repositories in DEFAULT mode.
2022-04-19 12:51:39.604  INFO 11204 --- [main] .s.d.r.c.RepositoryConfigurationDelegate : Finished Spring Data repository scanning in 5 ms. Found 0 Redis repository interfaces.
2022-04-19 12:51:41.012  INFO 11204 --- [main] m.s.RedisObjectConfigTest                : Started RedisObjectConfigTest in 2.362 seconds (JVM running for 3.256)
2022-04-19 12:52:24.477  INFO 14388 --- [main] m.s.RedisObjectConfigTest                : Starting RedisObjectConfigTest using Java 16.0.2 on mao with PID 14388 (started by mao in H:\程序\大三下期\spring_boot整合redis)
2022-04-19 12:52:24.478 DEBUG 14388 --- [main] m.s.RedisObjectConfigTest                : Running with Spring Boot v2.6.6, Spring v5.3.18
2022-04-19 12:52:24.478  INFO 14388 --- [main] m.s.RedisObjectConfigTest                : The following 1 profile is active: "dev"
2022-04-19 12:52:25.037  INFO 14388 --- [main] .s.d.r.c.RepositoryConfigurationDelegate : Multiple Spring Data modules found, entering strict repository configuration mode!
2022-04-19 12:52:25.040  INFO 14388 --- [main] .s.d.r.c.RepositoryConfigurationDelegate : Bootstrapping Spring Data Redis repositories in DEFAULT mode.
2022-04-19 12:52:25.060  INFO 14388 --- [main] .s.d.r.c.RepositoryConfigurationDelegate : Finished Spring Data repository scanning in 7 ms. Found 0 Redis repository interfaces.
2022-04-19 12:52:26.491  INFO 14388 --- [main] m.s.RedisObjectConfigTest                : Started RedisObjectConfigTest in 2.403 seconds (JVM running for 3.31)
2022-04-19 12:55:42.494  INFO 6308 --- [main] m.s.RedisObjectConfigTest                : Starting RedisObjectConfigTest using Java 16.0.2 on mao with PID 6308 (started by mao in H:\程序\大三下期\spring_boot整合redis)
2022-04-19 12:55:42.496 DEBUG 6308 --- [main] m.s.RedisObjectConfigTest                : Running with Spring Boot v2.6.6, Spring v5.3.18
2022-04-19 12:55:42.496  INFO 6308 --- [main] m.s.RedisObjectConfigTest                : The following 1 profile is active: "dev"
2022-04-19 12:55:43.030  INFO 6308 --- [main] .s.d.r.c.RepositoryConfigurationDelegate : Multiple Spring Data modules found, entering strict repository configuration mode!
2022-04-19 12:55:43.032  INFO 6308 --- [main] .s.d.r.c.RepositoryConfigurationDelegate : Bootstrapping Spring Data Redis repositories in DEFAULT mode.
2022-04-19 12:55:43.051  INFO 6308 --- [main] .s.d.r.c.RepositoryConfigurationDelegate : Finished Spring Data repository scanning in 6 ms. Found 0 Redis repository interfaces.
2022-04-19 12:55:44.508  INFO 6308 --- [main] m.s.RedisObjectConfigTest                : Started RedisObjectConfigTest in 2.389 seconds (JVM running for 3.29)
2022-04-19 12:56:23.293  INFO 10192 --- [main] m.s.RedisObjectJdkTest                   : Starting RedisObjectJdkTest using Java 16.0.2 on mao with PID 10192 (started by mao in H:\程序\大三下期\spring_boot整合redis)
2022-04-19 12:56:23.294 DEBUG 10192 --- [main] m.s.RedisObjectJdkTest                   : Running with Spring Boot v2.6.6, Spring v5.3.18
2022-04-19 12:56:23.295  INFO 10192 --- [main] m.s.RedisObjectJdkTest                   : The following 1 profile is active: "dev"
2022-04-19 12:56:23.866  INFO 10192 --- [main] .s.d.r.c.RepositoryConfigurationDelegate : Multiple Spring Data modules found, entering strict repository configuration mode!
2022-04-19 12:56:23.869  INFO 10192 --- [main] .s.d.r.c.RepositoryConfigurationDelegate : Bootstrapping Spring Data Redis repositories in DEFAULT mode.
2022-04-19 12:56:23.886  INFO 10192 --- [main] .s.d.r.c.RepositoryConfigurationDelegate : Finished Spring Data repository scanning in 5 ms. Found 0 Redis repository interfaces.
2022-04-19 12:56:25.313  INFO 10192 --- [main] m.s.RedisObjectJdkTest                   : Started RedisObjectJdkTest in 2.411 seconds (JVM running for 3.345)
2022-04-19 12:56:25.404 ERROR 10192 --- [main] o.s.test.context.TestContextManager      : Caught exception while allowing TestExecutionListener [org.springframework.boot.test.autoconfigure.SpringBootDependencyInjectionTestExecutionListener@3eb77ea8] to prepare test instance [mao.spring_boot_integrate_redis.RedisObjectJdkTest@61a87366]

org.springframework.beans.factory.UnsatisfiedDependencyException: Error creating bean with name 'mao.spring_boot_integrate_redis.RedisObjectJdkTest': Unsatisfied dependency expressed through field 'redisTemplate'; nested exception is org.springframework.beans.factory.NoSuchBeanDefinitionException: No qualifying bean of type 'org.springframework.data.redis.core.RedisTemplate<java.lang.Object, java.lang.Object>' available: expected at least 1 bean which qualifies as autowire candidate. Dependency annotations: {@org.springframework.beans.factory.annotation.Autowired(required=true)}
	at org.springframework.beans.factory.annotation.AutowiredAnnotationBeanPostProcessor$AutowiredFieldElement.resolveFieldValue(AutowiredAnnotationBeanPostProcessor.java:659) ~[spring-beans-5.3.18.jar:5.3.18]
	at org.springframework.beans.factory.annotation.AutowiredAnnotationBeanPostProcessor$AutowiredFieldElement.inject(AutowiredAnnotationBeanPostProcessor.java:639) ~[spring-beans-5.3.18.jar:5.3.18]
	at org.springframework.beans.factory.annotation.InjectionMetadata.inject(InjectionMetadata.java:119) ~[spring-beans-5.3.18.jar:5.3.18]
	at org.springframework.beans.factory.annotation.AutowiredAnnotationBeanPostProcessor.postProcessProperties(AutowiredAnnotationBeanPostProcessor.java:399) ~[spring-beans-5.3.18.jar:5.3.18]
	at org.springframework.beans.factory.support.AbstractAutowireCapableBeanFactory.populateBean(AbstractAutowireCapableBeanFactory.java:1431) ~[spring-beans-5.3.18.jar:5.3.18]
	at org.springframework.beans.factory.support.AbstractAutowireCapableBeanFactory.autowireBeanProperties(AbstractAutowireCapableBeanFactory.java:417) ~[spring-beans-5.3.18.jar:5.3.18]
	at org.springframework.test.context.support.DependencyInjectionTestExecutionListener.injectDependencies(DependencyInjectionTestExecutionListener.java:119) ~[spring-test-5.3.18.jar:5.3.18]
	at org.springframework.test.context.support.DependencyInjectionTestExecutionListener.prepareTestInstance(DependencyInjectionTestExecutionListener.java:83) ~[spring-test-5.3.18.jar:5.3.18]
	at org.springframework.boot.test.autoconfigure.SpringBootDependencyInjectionTestExecutionListener.prepareTestInstance(SpringBootDependencyInjectionTestExecutionListener.java:43) ~[spring-boot-test-autoconfigure-2.6.6.jar:2.6.6]
	at org.springframework.test.context.TestContextManager.prepareTestInstance(TestContextManager.java:248) ~[spring-test-5.3.18.jar:5.3.18]
	at org.springframework.test.context.junit.jupiter.SpringExtension.postProcessTestInstance(SpringExtension.java:138) ~[spring-test-5.3.18.jar:5.3.18]
	at org.junit.jupiter.engine.descriptor.ClassBasedTestDescriptor.lambda$invokeTestInstancePostProcessors$8(ClassBasedTestDescriptor.java:363) ~[junit-jupiter-engine-5.8.2.jar:5.8.2]
	at org.junit.jupiter.engine.descriptor.ClassBasedTestDescriptor.executeAndMaskThrowable(ClassBasedTestDescriptor.java:368) ~[junit-jupiter-engine-5.8.2.jar:5.8.2]
	at org.junit.jupiter.engine.descriptor.ClassBasedTestDescriptor.lambda$invokeTestInstancePostProcessors$9(ClassBasedTestDescriptor.java:363) ~[junit-jupiter-engine-5.8.2.jar:5.8.2]
	at java.base/java.util.stream.ReferencePipeline$3$1.accept(ReferencePipeline.java:197) ~[na:na]
	at java.base/java.util.stream.ReferencePipeline$2$1.accept(ReferencePipeline.java:179) ~[na:na]
	at java.base/java.util.ArrayList$ArrayListSpliterator.forEachRemaining(ArrayList.java:1625) ~[na:na]
	at java.base/java.util.stream.AbstractPipeline.copyInto(AbstractPipeline.java:484) ~[na:na]
	at java.base/java.util.stream.AbstractPipeline.wrapAndCopyInto(AbstractPipeline.java:474) ~[na:na]
	at java.base/java.util.stream.StreamSpliterators$WrappingSpliterator.forEachRemaining(StreamSpliterators.java:312) ~[na:na]
	at java.base/java.util.stream.Streams$ConcatSpliterator.forEachRemaining(Streams.java:735) ~[na:na]
	at java.base/java.util.stream.Streams$ConcatSpliterator.forEachRemaining(Streams.java:734) ~[na:na]
	at java.base/java.util.stream.ReferencePipeline$Head.forEach(ReferencePipeline.java:762) ~[na:na]
	at org.junit.jupiter.engine.descriptor.ClassBasedTestDescriptor.invokeTestInstancePostProcessors(ClassBasedTestDescriptor.java:362) ~[junit-jupiter-engine-5.8.2.jar:5.8.2]
	at org.junit.jupiter.engine.descriptor.ClassBasedTestDescriptor.lambda$instantiateAndPostProcessTestInstance$6(ClassBasedTestDescriptor.java:283) ~[junit-jupiter-engine-5.8.2.jar:5.8.2]
	at org.junit.platform.engine.support.hierarchical.ThrowableCollector.execute(ThrowableCollector.java:73) ~[junit-platform-engine-1.8.2.jar:1.8.2]
	at org.junit.jupiter.engine.descriptor.ClassBasedTestDescriptor.instantiateAndPostProcessTestInstance(ClassBasedTestDescriptor.java:282) ~[junit-jupiter-engine-5.8.2.jar:5.8.2]
	at org.junit.jupiter.engine.descriptor.ClassBasedTestDescriptor.lambda$testInstancesProvider$4(ClassBasedTestDescriptor.java:272) ~[junit-jupiter-engine-5.8.2.jar:5.8.2]
	at java.base/java.util.Optional.orElseGet(Optional.java:364) ~[na:na]
	at org.junit.jupiter.engine.descriptor.ClassBasedTestDescriptor.lambda$testInstancesProvider$5(ClassBasedTestDescriptor.java:271) ~[junit-jupiter-engine-5.8.2.jar:5.8.2]
	at org.junit.jupiter.engine.execution.TestInstancesProvider.getTestInstances(TestInstancesProvider.java:31) ~[junit-jupiter-engine-5.8.2.jar:5.8.2]
	at org.junit.jupiter.engine.descriptor.TestMethodTestDescriptor.lambda$prepare$0(TestMethodTestDescriptor.java:102) ~[junit-jupiter-engine-5.8.2.jar:5.8.2]
	at org.junit.platform.engine.support.hierarchical.ThrowableCollector.execute(ThrowableCollector.java:73) ~[junit-platform-engine-1.8.2.jar:1.8.2]
	at org.junit.jupiter.engine.descriptor.TestMethodTestDescriptor.prepare(TestMethodTestDescriptor.java:101) ~[junit-jupiter-engine-5.8.2.jar:5.8.2]
	at org.junit.jupiter.engine.descriptor.TestMethodTestDescriptor.prepare(TestMethodTestDescriptor.java:66) ~[junit-jupiter-engine-5.8.2.jar:5.8.2]
	at org.junit.platform.engine.support.hierarchical.NodeTestTask.lambda$prepare$2(NodeTestTask.java:123) ~[junit-platform-engine-1.8.2.jar:1.8.2]
	at org.junit.platform.engine.support.hierarchical.ThrowableCollector.execute(ThrowableCollector.java:73) ~[junit-platform-engine-1.8.2.jar:1.8.2]
	at org.junit.platform.engine.support.hierarchical.NodeTestTask.prepare(NodeTestTask.java:123) ~[junit-platform-engine-1.8.2.jar:1.8.2]
	at org.junit.platform.engine.support.hierarchical.NodeTestTask.execute(NodeTestTask.java:90) ~[junit-platform-engine-1.8.2.jar:1.8.2]
	at java.base/java.util.ArrayList.forEach(ArrayList.java:1511) ~[na:na]
	at org.junit.platform.engine.support.hierarchical.SameThreadHierarchicalTestExecutorService.invokeAll(SameThreadHierarchicalTestExecutorService.java:41) ~[junit-platform-engine-1.8.2.jar:1.8.2]
	at org.junit.platform.engine.support.hierarchical.NodeTestTask.lambda$executeRecursively$6(NodeTestTask.java:155) ~[junit-platform-engine-1.8.2.jar:1.8.2]
	at org.junit.platform.engine.support.hierarchical.ThrowableCollector.execute(ThrowableCollector.java:73) ~[junit-platform-engine-1.8.2.jar:1.8.2]
	at org.junit.platform.engine.support.hierarchical.NodeTestTask.lambda$executeRecursively$8(NodeTestTask.java:141) ~[junit-platform-engine-1.8.2.jar:1.8.2]
	at org.junit.platform.engine.support.hierarchical.Node.around(Node.java:137) ~[junit-platform-engine-1.8.2.jar:1.8.2]
	at org.junit.platform.engine.support.hierarchical.NodeTestTask.lambda$executeRecursively$9(NodeTestTask.java:139) ~[junit-platform-engine-1.8.2.jar:1.8.2]
	at org.junit.platform.engine.support.hierarchical.ThrowableCollector.execute(ThrowableCollector.java:73) ~[junit-platform-engine-1.8.2.jar:1.8.2]
	at org.junit.platform.engine.support.hierarchical.NodeTestTask.executeRecursively(NodeTestTask.java:138) ~[junit-platform-engine-1.8.2.jar:1.8.2]
	at org.junit.platform.engine.support.hierarchical.NodeTestTask.execute(NodeTestTask.java:95) ~[junit-platform-engine-1.8.2.jar:1.8.2]
	at java.base/java.util.ArrayList.forEach(ArrayList.java:1511) ~[na:na]
	at org.junit.platform.engine.support.hierarchical.SameThreadHierarchicalTestExecutorService.invokeAll(SameThreadHierarchicalTestExecutorService.java:41) ~[junit-platform-engine-1.8.2.jar:1.8.2]
	at org.junit.platform.engine.support.hierarchical.NodeTestTask.lambda$executeRecursively$6(NodeTestTask.java:155) ~[junit-platform-engine-1.8.2.jar:1.8.2]
	at org.junit.platform.engine.support.hierarchical.ThrowableCollector.execute(ThrowableCollector.java:73) ~[junit-platform-engine-1.8.2.jar:1.8.2]
	at org.junit.platform.engine.support.hierarchical.NodeTestTask.lambda$executeRecursively$8(NodeTestTask.java:141) ~[junit-platform-engine-1.8.2.jar:1.8.2]
	at org.junit.platform.engine.support.hierarchical.Node.around(Node.java:137) ~[junit-platform-engine-1.8.2.jar:1.8.2]
	at org.junit.platform.engine.support.hierarchical.NodeTestTask.lambda$executeRecursively$9(NodeTestTask.java:139) ~[junit-platform-engine-1.8.2.jar:1.8.2]
	at org.junit.platform.engine.support.hierarchical.ThrowableCollector.execute(ThrowableCollector.java:73) ~[junit-platform-engine-1.8.2.jar:1.8.2]
	at org.junit.platform.engine.support.hierarchical.NodeTestTask.executeRecursively(NodeTestTask.java:138) ~[junit-platform-engine-1.8.2.jar:1.8.2]
	at org.junit.platform.engine.support.hierarchical.NodeTestTask.execute(NodeTestTask.java:95) ~[junit-platform-engine-1.8.2.jar:1.8.2]
	at org.junit.platform.engine.support.hierarchical.SameThreadHierarchicalTestExecutorService.submit(SameThreadHierarchicalTestExecutorService.java:35) ~[junit-platform-engine-1.8.2.jar:1.8.2]
	at org.junit.platform.engine.support.hierarchical.HierarchicalTestExecutor.execute(HierarchicalTestExecutor.java:57) ~[junit-platform-engine-1.8.2.jar:1.8.2]
	at org.junit.platform.engine.support.hierarchical.HierarchicalTestEngine.execute(HierarchicalTestEngine.java:54) ~[junit-platform-engine-1.8.2.jar:1.8.2]
	at org.junit.platform.launcher.core.EngineExecutionOrchestrator.execute(EngineExecutionOrchestrator.java:107) ~[junit-platform-launcher-1.8.2.jar:1.8.2]
	at org.junit.platform.launcher.core.EngineExecutionOrchestrator.execute(EngineExecutionOrchestrator.java:88) ~[junit-platform-launcher-1.8.2.jar:1.8.2]
	at org.junit.platform.launcher.core.EngineExecutionOrchestrator.lambda$execute$0(EngineExecutionOrchestrator.java:54) ~[junit-platform-launcher-1.8.2.jar:1.8.2]
	at org.junit.platform.launcher.core.EngineExecutionOrchestrator.withInterceptedStreams(EngineExecutionOrchestrator.java:67) ~[junit-platform-launcher-1.8.2.jar:1.8.2]
	at org.junit.platform.launcher.core.EngineExecutionOrchestrator.execute(EngineExecutionOrchestrator.java:52) ~[junit-platform-launcher-1.8.2.jar:1.8.2]
	at org.junit.platform.launcher.core.DefaultLauncher.execute(DefaultLauncher.java:114) ~[junit-platform-launcher-1.8.2.jar:1.8.2]
	at org.junit.platform.launcher.core.DefaultLauncher.execute(DefaultLauncher.java:86) ~[junit-platform-launcher-1.8.2.jar:1.8.2]
	at org.junit.platform.launcher.core.DefaultLauncherSession$DelegatingLauncher.execute(DefaultLauncherSession.java:86) ~[junit-platform-launcher-1.8.2.jar:1.8.2]
	at org.junit.platform.launcher.core.SessionPerRequestLauncher.execute(SessionPerRequestLauncher.java:53) ~[junit-platform-launcher-1.8.2.jar:1.8.2]
	at com.intellij.junit5.JUnit5IdeaTestRunner.startRunnerWithArgs(JUnit5IdeaTestRunner.java:71) ~[junit5-rt.jar:na]
	at com.intellij.rt.junit.IdeaTestRunner$Repeater.startRunnerWithArgs(IdeaTestRunner.java:33) ~[junit-rt.jar:na]
	at com.intellij.rt.junit.JUnitStarter.prepareStreamsAndStart(JUnitStarter.java:235) ~[junit-rt.jar:na]
	at com.intellij.rt.junit.JUnitStarter.main(JUnitStarter.java:54) ~[junit-rt.jar:na]
Caused by: org.springframework.beans.factory.NoSuchBeanDefinitionException: No qualifying bean of type 'org.springframework.data.redis.core.RedisTemplate<java.lang.Object, java.lang.Object>' available: expected at least 1 bean which qualifies as autowire candidate. Dependency annotations: {@org.springframework.beans.factory.annotation.Autowired(required=true)}
	at org.springframework.beans.factory.support.DefaultListableBeanFactory.raiseNoMatchingBeanFound(DefaultListableBeanFactory.java:1799) ~[spring-beans-5.3.18.jar:5.3.18]
	at org.springframework.beans.factory.support.DefaultListableBeanFactory.doResolveDependency(DefaultListableBeanFactory.java:1355) ~[spring-beans-5.3.18.jar:5.3.18]
	at org.springframework.beans.factory.support.DefaultListableBeanFactory.resolveDependency(DefaultListableBeanFactory.java:1309) ~[spring-beans-5.3.18.jar:5.3.18]
	at org.springframework.beans.factory.annotation.AutowiredAnnotationBeanPostProcessor$AutowiredFieldElement.resolveFieldValue(AutowiredAnnotationBeanPostProcessor.java:656) ~[spring-beans-5.3.18.jar:5.3.18]
	... 74 common frames omitted

2022-04-19 12:56:42.130  INFO 15544 --- [main] m.s.RedisObjectJdkTest                   : Starting RedisObjectJdkTest using Java 16.0.2 on mao with PID 15544 (started by mao in H:\程序\大三下期\spring_boot整合redis)
2022-04-19 12:56:42.131 DEBUG 15544 --- [main] m.s.RedisObjectJdkTest                   : Running with Spring Boot v2.6.6, Spring v5.3.18
2022-04-19 12:56:42.132  INFO 15544 --- [main] m.s.RedisObjectJdkTest                   : The following 1 profile is active: "dev"
2022-04-19 12:56:42.713  INFO 15544 --- [main] .s.d.r.c.RepositoryConfigurationDelegate : Multiple Spring Data modules found, entering strict repository configuration mode!
2022-04-19 12:56:42.716  INFO 15544 --- [main] .s.d.r.c.RepositoryConfigurationDelegate : Bootstrapping Spring Data Redis repositories in DEFAULT mode.
2022-04-19 12:56:42.733  INFO 15544 --- [main] .s.d.r.c.RepositoryConfigurationDelegate : Finished Spring Data repository scanning in 6 ms. Found 0 Redis repository interfaces.
2022-04-19 12:56:44.101  INFO 15544 --- [main] m.s.RedisObjectJdkTest                   : Started RedisObjectJdkTest in 2.368 seconds (JVM running for 3.319)
2022-04-19 12:57:25.727  INFO 14088 --- [main] SpringBootIntegrateRedisApplicationTests : Starting SpringBootIntegrateRedisApplicationTests using Java 16.0.2 on mao with PID 14088 (started by mao in H:\程序\大三下期\spring_boot整合redis)
2022-04-19 12:57:25.728 DEBUG 14088 --- [main] SpringBootIntegrateRedisApplicationTests : Running with Spring Boot v2.6.6, Spring v5.3.18
2022-04-19 12:57:25.729  INFO 14088 --- [main] SpringBootIntegrateRedisApplicationTests : The following 1 profile is active: "dev"
2022-04-19 12:57:26.267  INFO 14088 --- [main] .s.d.r.c.RepositoryConfigurationDelegate : Multiple Spring Data modules found, entering strict repository configuration mode!
2022-04-19 12:57:26.270  INFO 14088 --- [main] .s.d.r.c.RepositoryConfigurationDelegate : Bootstrapping Spring Data Redis repositories in DEFAULT mode.
2022-04-19 12:57:26.288  INFO 14088 --- [main] .s.d.r.c.RepositoryConfigurationDelegate : Finished Spring Data repository scanning in 5 ms. Found 0 Redis repository interfaces.
2022-04-19 12:57:27.689  INFO 14088 --- [main] SpringBootIntegrateRedisApplicationTests : Started SpringBootIntegrateRedisApplicationTests in 2.344 seconds (JVM running for 3.24)
2022-04-19 12:57:40.061  INFO 2308 --- [main] SpringBootIntegrateRedisApplicationTests : Starting SpringBootIntegrateRedisApplicationTests using Java 16.0.2 on mao with PID 2308 (started by mao in H:\程序\大三下期\spring_boot整合redis)
2022-04-19 12:57:40.062 DEBUG 2308 --- [main] SpringBootIntegrateRedisApplicationTests : Running with Spring Boot v2.6.6, Spring v5.3.18
2022-04-19 12:57:40.062  INFO 2308 --- [main] SpringBootIntegrateRedisApplicationTests : The following 1 profile is active: "dev"
2022-04-19 12:57:40.695  INFO 2308 --- [main] .s.d.r.c.RepositoryConfigurationDelegate : Multiple Spring Data modules found, entering strict repository configuration mode!
2022-04-19 12:57:40.698  INFO 2308 --- [main] .s.d.r.c.RepositoryConfigurationDelegate : Bootstrapping Spring Data Redis repositories in DEFAULT mode.
2022-04-19 12:57:40.725  INFO 2308 --- [main] .s.d.r.c.RepositoryConfigurationDelegate : Finished Spring Data repository scanning in 11 ms. Found 0 Redis repository interfaces.
2022-04-19 12:57:42.420  INFO 2308 --- [main] SpringBootIntegrateRedisApplicationTests : Started SpringBootIntegrateRedisApplicationTests in 2.814 seconds (JVM running for 4.289)
2022-04-19 13:06:26.172  INFO 6036 --- [main] m.s.RedisObjectStringRedisTemplateTest   : Starting RedisObjectStringRedisTemplateTest using Java 16.0.2 on mao with PID 6036 (started by mao in H:\程序\大三下期\spring_boot整合redis)
2022-04-19 13:06:26.174 DEBUG 6036 --- [main] m.s.RedisObjectStringRedisTemplateTest   : Running with Spring Boot v2.6.6, Spring v5.3.18
2022-04-19 13:06:26.174  INFO 6036 --- [main] m.s.RedisObjectStringRedisTemplateTest   : The following 1 profile is active: "dev"
2022-04-19 13:06:26.729  INFO 6036 --- [main] .s.d.r.c.RepositoryConfigurationDelegate : Multiple Spring Data modules found, entering strict repository configuration mode!
2022-04-19 13:06:26.731  INFO 6036 --- [main] .s.d.r.c.RepositoryConfigurationDelegate : Bootstrapping Spring Data Redis repositories in DEFAULT mode.
2022-04-19 13:06:26.750  INFO 6036 --- [main] .s.d.r.c.RepositoryConfigurationDelegate : Finished Spring Data repository scanning in 5 ms. Found 0 Redis repository interfaces.
2022-04-19 13:06:28.190  INFO 6036 --- [main] m.s.RedisObjectStringRedisTemplateTest   : Started RedisObjectStringRedisTemplateTest in 2.408 seconds (JVM running for 3.286)
2022-04-19 13:06:55.666  INFO 1992 --- [main] m.s.RedisObjectStringRedisTemplateTest   : Starting RedisObjectStringRedisTemplateTest using Java 16.0.2 on mao with PID 1992 (started by mao in H:\程序\大三下期\spring_boot整合redis)
2022-04-19 13:06:55.667 DEBUG 1992 --- [main] m.s.RedisObjectStringRedisTemplateTest   : Running with Spring Boot v2.6.6, Spring v5.3.18
2022-04-19 13:06:55.668  INFO 1992 --- [main] m.s.RedisObjectStringRedisTemplateTest   : The following 1 profile is active: "dev"
2022-04-19 13:06:56.189  INFO 1992 --- [main] .s.d.r.c.RepositoryConfigurationDelegate : Multiple Spring Data modules found, entering strict repository configuration mode!
2022-04-19 13:06:56.192  INFO 1992 --- [main] .s.d.r.c.RepositoryConfigurationDelegate : Bootstrapping Spring Data Redis repositories in DEFAULT mode.
2022-04-19 13:06:56.212  INFO 1992 --- [main] .s.d.r.c.RepositoryConfigurationDelegate : Finished Spring Data repository scanning in 6 ms. Found 0 Redis repository interfaces.
2022-04-19 13:06:57.664  INFO 1992 --- [main] m.s.RedisObjectStringRedisTemplateTest   : Started RedisObjectStringRedisTemplateTest in 2.367 seconds (JVM running for 3.26)
2022-04-19 13:09:04.057  INFO 14404 --- [main] m.s.RedisObjectStringRedisTemplateTest   : Starting RedisObjectStringRedisTemplateTest using Java 16.0.2 on mao with PID 14404 (started by mao in H:\程序\大三下期\spring_boot整合redis)
2022-04-19 13:09:04.058 DEBUG 14404 --- [main] m.s.RedisObjectStringRedisTemplateTest   : Running with Spring Boot v2.6.6, Spring v5.3.18
2022-04-19 13:09:04.058  INFO 14404 --- [main] m.s.RedisObjectStringRedisTemplateTest   : The following 1 profile is active: "dev"
2022-04-19 13:09:04.599  INFO 14404 --- [main] .s.d.r.c.RepositoryConfigurationDelegate : Multiple Spring Data modules found, entering strict repository configuration mode!
2022-04-19 13:09:04.602  INFO 14404 --- [main] .s.d.r.c.RepositoryConfigurationDelegate : Bootstrapping Spring Data Redis repositories in DEFAULT mode.
2022-04-19 13:09:04.618  INFO 14404 --- [main] .s.d.r.c.RepositoryConfigurationDelegate : Finished Spring Data repository scanning in 5 ms. Found 0 Redis repository interfaces.
2022-04-19 13:09:06.036  INFO 14404 --- [main] m.s.RedisObjectStringRedisTemplateTest   : Started RedisObjectStringRedisTemplateTest in 2.376 seconds (JVM running for 3.269)
2022-04-19 13:09:15.917  INFO 7800 --- [main] m.s.RedisObjectStringRedisTemplateTest   : Starting RedisObjectStringRedisTemplateTest using Java 16.0.2 on mao with PID 7800 (started by mao in H:\程序\大三下期\spring_boot整合redis)
2022-04-19 13:09:15.918 DEBUG 7800 --- [main] m.s.RedisObjectStringRedisTemplateTest   : Running with Spring Boot v2.6.6, Spring v5.3.18
2022-04-19 13:09:15.919  INFO 7800 --- [main] m.s.RedisObjectStringRedisTemplateTest   : The following 1 profile is active: "dev"
2022-04-19 13:09:16.462  INFO 7800 --- [main] .s.d.r.c.RepositoryConfigurationDelegate : Multiple Spring Data modules found, entering strict repository configuration mode!
2022-04-19 13:09:16.465  INFO 7800 --- [main] .s.d.r.c.RepositoryConfigurationDelegate : Bootstrapping Spring Data Redis repositories in DEFAULT mode.
2022-04-19 13:09:16.482  INFO 7800 --- [main] .s.d.r.c.RepositoryConfigurationDelegate : Finished Spring Data repository scanning in 5 ms. Found 0 Redis repository interfaces.
2022-04-19 13:09:17.954  INFO 7800 --- [main] m.s.RedisObjectStringRedisTemplateTest   : Started RedisObjectStringRedisTemplateTest in 2.413 seconds (JVM running for 3.286)
2022-04-19 13:10:06.096  INFO 10504 --- [main] m.s.RedisObjectStringRedisTemplateTest   : Starting RedisObjectStringRedisTemplateTest using Java 16.0.2 on mao with PID 10504 (started by mao in H:\程序\大三下期\spring_boot整合redis)
2022-04-19 13:10:06.097 DEBUG 10504 --- [main] m.s.RedisObjectStringRedisTemplateTest   : Running with Spring Boot v2.6.6, Spring v5.3.18
2022-04-19 13:10:06.098  INFO 10504 --- [main] m.s.RedisObjectStringRedisTemplateTest   : The following 1 profile is active: "dev"
2022-04-19 13:10:06.653  INFO 10504 --- [main] .s.d.r.c.RepositoryConfigurationDelegate : Multiple Spring Data modules found, entering strict repository configuration mode!
2022-04-19 13:10:06.656  INFO 10504 --- [main] .s.d.r.c.RepositoryConfigurationDelegate : Bootstrapping Spring Data Redis repositories in DEFAULT mode.
2022-04-19 13:10:06.672  INFO 10504 --- [main] .s.d.r.c.RepositoryConfigurationDelegate : Finished Spring Data repository scanning in 5 ms. Found 0 Redis repository interfaces.
2022-04-19 13:10:08.135  INFO 10504 --- [main] m.s.RedisObjectStringRedisTemplateTest   : Started RedisObjectStringRedisTemplateTest in 2.417 seconds (JVM running for 3.307)
2022-04-19 13:10:40.941  INFO 9360 --- [main] m.s.RedisObjectStringRedisTemplateTest   : Starting RedisObjectStringRedisTemplateTest using Java 16.0.2 on mao with PID 9360 (started by mao in H:\程序\大三下期\spring_boot整合redis)
2022-04-19 13:10:40.942 DEBUG 9360 --- [main] m.s.RedisObjectStringRedisTemplateTest   : Running with Spring Boot v2.6.6, Spring v5.3.18
2022-04-19 13:10:40.942  INFO 9360 --- [main] m.s.RedisObjectStringRedisTemplateTest   : The following 1 profile is active: "dev"
2022-04-19 13:10:41.485  INFO 9360 --- [main] .s.d.r.c.RepositoryConfigurationDelegate : Multiple Spring Data modules found, entering strict repository configuration mode!
2022-04-19 13:10:41.488  INFO 9360 --- [main] .s.d.r.c.RepositoryConfigurationDelegate : Bootstrapping Spring Data Redis repositories in DEFAULT mode.
2022-04-19 13:10:41.506  INFO 9360 --- [main] .s.d.r.c.RepositoryConfigurationDelegate : Finished Spring Data repository scanning in 5 ms. Found 0 Redis repository interfaces.
2022-04-19 13:10:42.916  INFO 9360 --- [main] m.s.RedisObjectStringRedisTemplateTest   : Started RedisObjectStringRedisTemplateTest in 2.35 seconds (JVM running for 3.225)
2022-04-19 13:12:54.086  INFO 4812 --- [main] m.s.RedisObjectStringRedisTemplateTest   : Starting RedisObjectStringRedisTemplateTest using Java 16.0.2 on mao with PID 4812 (started by mao in H:\程序\大三下期\spring_boot整合redis)
2022-04-19 13:12:54.087 DEBUG 4812 --- [main] m.s.RedisObjectStringRedisTemplateTest   : Running with Spring Boot v2.6.6, Spring v5.3.18
2022-04-19 13:12:54.087  INFO 4812 --- [main] m.s.RedisObjectStringRedisTemplateTest   : The following 1 profile is active: "dev"
2022-04-19 13:12:54.598  INFO 4812 --- [main] .s.d.r.c.RepositoryConfigurationDelegate : Multiple Spring Data modules found, entering strict repository configuration mode!
2022-04-19 13:12:54.600  INFO 4812 --- [main] .s.d.r.c.RepositoryConfigurationDelegate : Bootstrapping Spring Data Redis repositories in DEFAULT mode.
2022-04-19 13:12:54.620  INFO 4812 --- [main] .s.d.r.c.RepositoryConfigurationDelegate : Finished Spring Data repository scanning in 5 ms. Found 0 Redis repository interfaces.
2022-04-19 13:12:56.010  INFO 4812 --- [main] m.s.RedisObjectStringRedisTemplateTest   : Started RedisObjectStringRedisTemplateTest in 2.293 seconds (JVM running for 3.215)
2022-04-19 13:13:47.739  INFO 5696 --- [main] m.s.RedisObjectStringRedisTemplateTest   : Starting RedisObjectStringRedisTemplateTest using Java 16.0.2 on mao with PID 5696 (started by mao in H:\程序\大三下期\spring_boot整合redis)
2022-04-19 13:13:47.740 DEBUG 5696 --- [main] m.s.RedisObjectStringRedisTemplateTest   : Running with Spring Boot v2.6.6, Spring v5.3.18
2022-04-19 13:13:47.741  INFO 5696 --- [main] m.s.RedisObjectStringRedisTemplateTest   : The following 1 profile is active: "dev"
2022-04-19 13:13:48.274  INFO 5696 --- [main] .s.d.r.c.RepositoryConfigurationDelegate : Multiple Spring Data modules found, entering strict repository configuration mode!
2022-04-19 13:13:48.277  INFO 5696 --- [main] .s.d.r.c.RepositoryConfigurationDelegate : Bootstrapping Spring Data Redis repositories in DEFAULT mode.
2022-04-19 13:13:48.293  INFO 5696 --- [main] .s.d.r.c.RepositoryConfigurationDelegate : Finished Spring Data repository scanning in 5 ms. Found 0 Redis repository interfaces.
2022-04-19 13:13:49.708  INFO 5696 --- [main] m.s.RedisObjectStringRedisTemplateTest   : Started RedisObjectStringRedisTemplateTest in 2.35 seconds (JVM running for 3.23)
2022-04-19 13:14:03.300  INFO 12184 --- [main] m.s.RedisObjectStringRedisTemplateTest   : Starting RedisObjectStringRedisTemplateTest using Java 16.0.2 on mao with PID 12184 (started by mao in H:\程序\大三下期\spring_boot整合redis)
2022-04-19 13:14:03.301 DEBUG 12184 --- [main] m.s.RedisObjectStringRedisTemplateTest   : Running with Spring Boot v2.6.6, Spring v5.3.18
2022-04-19 13:14:03.302  INFO 12184 --- [main] m.s.RedisObjectStringRedisTemplateTest   : The following 1 profile is active: "dev"
2022-04-19 13:14:03.824  INFO 12184 --- [main] .s.d.r.c.RepositoryConfigurationDelegate : Multiple Spring Data modules found, entering strict repository configuration mode!
2022-04-19 13:14:03.826  INFO 12184 --- [main] .s.d.r.c.RepositoryConfigurationDelegate : Bootstrapping Spring Data Redis repositories in DEFAULT mode.
2022-04-19 13:14:03.844  INFO 12184 --- [main] .s.d.r.c.RepositoryConfigurationDelegate : Finished Spring Data repository scanning in 5 ms. Found 0 Redis repository interfaces.
2022-04-19 13:14:05.296  INFO 12184 --- [main] m.s.RedisObjectStringRedisTemplateTest   : Started RedisObjectStringRedisTemplateTest in 2.363 seconds (JVM running for 3.256)
